<?xml version="1.0" encoding="UTF-8"?>
<!-- Generated by org.testng.reporters.JUnitXMLReporter -->
<testsuite ignored="4" hostname="DESKTOP-6L0B64R" failures="0" tests="2" name="TestRunner-2" time="110.165" errors="0" timestamp="2024-04-24T21:46:29 IST">
  <testcase classname="genericutility.Baseclass" name="@BeforeMethod bmconfig" time="0.007">
    <failure type="java.lang.NullPointerException" message="Cannot invoke &amp;quot;org.openqa.selenium.SearchContext.findElement(org.openqa.selenium.By)&amp;quot; because &amp;quot;this.searchContext&amp;quot; is null">
      <![CDATA[java.lang.NullPointerException: Cannot invoke "org.openqa.selenium.SearchContext.findElement(org.openqa.selenium.By)" because "this.searchContext" is null
at org.openqa.selenium.support.pagefactory.DefaultElementLocator.findElement(DefaultElementLocator.java:68)
at org.openqa.selenium.support.pagefactory.internal.LocatingElementHandler.invoke(LocatingElementHandler.java:38)
at jdk.proxy2/jdk.proxy2.$Proxy18.sendKeys(Unknown Source)
at Objectrepository.LoginPage.loginToApp(LoginPage.java:43)
at genericutility.Baseclass.bmconfig(Baseclass.java:59)
at java.base/java.util.ArrayList.forEach(ArrayList.java:1597)
at java.base/java.util.concurrent.FutureTask.run(FutureTask.java:317)
at java.base/java.util.concurrent.ThreadPoolExecutor.runWorker(ThreadPoolExecutor.java:1144)
at java.base/java.util.concurrent.ThreadPoolExecutor$Worker.run(ThreadPoolExecutor.java:642)
at java.base/java.lang.Thread.run(Thread.java:1570)
... Removed 20 stack frames]]>
    </failure>
  </testcase> <!-- @BeforeMethod bmconfig -->
  <testcase classname="genericutility.Baseclass" name="@AfterMethod amconfig" time="0.0">
    <failure type="java.lang.IllegalArgumentException" message="Driver must be set">
      <![CDATA[java.lang.IllegalArgumentException: Driver must be set
at org.openqa.selenium.internal.Require.nonNull(Require.java:60)
at org.openqa.selenium.interactions.Actions.<init>(Actions.java:59)
at genericutility.webDriverUtility.mouseOverAction(webDriverUtility.java:71)
at Objectrepository.HomePage.logOutOfApp(HomePage.java:80)
at genericutility.Baseclass.amconfig(Baseclass.java:66)
at java.base/java.util.ArrayList.forEach(ArrayList.java:1597)
at java.base/java.util.concurrent.FutureTask.run(FutureTask.java:317)
at java.base/java.util.concurrent.ThreadPoolExecutor.runWorker(ThreadPoolExecutor.java:1144)
at java.base/java.util.concurrent.ThreadPoolExecutor$Worker.run(ThreadPoolExecutor.java:642)
at java.base/java.lang.Thread.run(Thread.java:1570)
... Removed 21 stack frames]]>
    </failure>
  </testcase> <!-- @AfterMethod amconfig -->
  <testcase classname="TestngusingBaseclass.createContactwithBaseClassTest" name="createContactWithBaseclass" time="68.101"/>
  <testcase classname="TestngusingBaseclass.createOrgWithBaseClassTest" name="createOrgWithBaseclass" time="0.0">
    <skipped/>
  </testcase> <!-- createOrgWithBaseclass -->
  <testcase classname="genericutility.Baseclass" name="@BeforeSuite bsconfig" time="0.0">
    <ignored/>
  </testcase> <!-- @BeforeSuite bsconfig -->
  <testcase classname="genericutility.Baseclass" name="@AfterTest acconfig" time="0.0">
    <ignored/>
  </testcase> <!-- @AfterTest acconfig -->
  <testcase classname="genericutility.Baseclass" name="@BeforeTest bcconfig" time="0.0">
    <ignored/>
  </testcase> <!-- @BeforeTest bcconfig -->
  <testcase classname="genericutility.Baseclass" name="@AfterSuite asconfig" time="0.0">
    <ignored/>
  </testcase> <!-- @AfterSuite asconfig -->
</testsuite> <!-- TestRunner-2 -->
